#
# A fatal error has been detected by the Java Runtime Environment:
#
#  Internal Error (t:/workspace/open/src/hotspot/share/oops/generateOopMap.cpp:2164), pid=140372, tid=143028
#  fatal error: Illegal class file encountered. Try running with -Xverify:all in method crud
#
# JRE version: Java(TM) SE Runtime Environment (11.0.2+7) (build 11.0.2+7-LTS)
# Java VM: Java HotSpot(TM) 64-Bit Server VM (11.0.2+7-LTS, mixed mode, tiered, compressed oops, g1 gc, windows-amd64)
# No core dump will be written. Minidumps are not enabled by default on client versions of Windows
#
# If you would like to submit a bug report, please visit:
#   http://bugreport.java.com/bugreport/crash.jsp
#

---------------  S U M M A R Y ------------

Command Line: -agentlib:jdwp=transport=dt_socket,suspend=y,address=localhost:60139 -Dcom.sun.management.jmxremote -Dcom.sun.management.jmxremote.port=60134 -Dcom.sun.management.jmxremote.authenticate=false -Dcom.sun.management.jmxremote.ssl=false -Djava.rmi.server.hostname=localhost -Dspring.jmx.enabled=true -Dspring.application.admin.enabled=true -XX:TieredStopAtLevel=1 -Dspring.boot.project.name=hddt-api -javaagent:C:\Users\dinhn\eclipse\jee-2022-06\eclipse\configuration\org.eclipse.osgi\407\0\.cp\lib\javaagent-shaded.jar -Dfile.encoding=UTF-8 vn.sesgroup.EInvoiceApiApplication

Host: Intel(R) Core(TM) i7-7500U CPU @ 2.70GHz, 4 cores, 7G,  Windows 10 , 64 bit Build 19041 (10.0.19041.1889)
Time: Tue Oct 11 08:49:18 2022 SE Asia Standard Time elapsed time: 364 seconds (0d 0h 6m 4s)

---------------  T H R E A D  ---------------

Current thread (0x000001f67ff18800):  VMThread "VM Thread" [stack: 0x000000b23c800000,0x000000b23c900000] [id=143028]

Stack: [0x000000b23c800000,0x000000b23c900000]
[error occurred during error reporting (printing stack bounds), id 0xc0000005, EXCEPTION_ACCESS_VIOLATION (0xc0000005) at pc=0x000001f608250bad]

Native frames: (J=compiled Java code, j=interpreted, Vv=VM code, C=native code)
V  [jvm.dll+0x63574a]
V  [jvm.dll+0x77326f]
V  [jvm.dll+0x77491a]
V  [jvm.dll+0x774f35]
V  [jvm.dll+0x774eeb]
V  [jvm.dll+0x634e56]
V  [jvm.dll+0x635218]
C  [ntdll.dll+0xa235f]
C  [ntdll.dll+0x514a4]
C  [ntdll.dll+0xa0e8e]
C  0x000001f608250bad

VM_Operation (0x000000b23d0ff380): GetOrSetLocal, mode: safepoint, requested by thread 0x000001f617dae800


---------------  P R O C E S S  ---------------

Threads class SMR info:
_java_thread_list=0x000001f619498110, length=45, elements={
0x000001f67ff3e000, 0x000001f67ff47000, 0x000001f617bb3800, 0x000001f67ff59000,
0x000001f67ff5c000, 0x000001f617b6f000, 0x000001f67fed1800, 0x000001f617dae800,
0x000001f617db2000, 0x000001f617db3000, 0x000001f6188fe800, 0x000001f618a9e800,
0x000001f618d26000, 0x000001f618d2d000, 0x000001f61917c800, 0x000001f61917f000,
0x000001f6191a4800, 0x000001f619795000, 0x000001f61b7a6800, 0x000001f61b7ac000,
0x000001f61b7a8000, 0x000001f61b7a9800, 0x000001f61b7ad000, 0x000001f61b7aa800,
0x000001f61b7a7000, 0x000001f61b7ab000, 0x000001f61b7a8800, 0x000001f6192ac800,
0x000001f6192ab800, 0x000001f6192ad000, 0x000001f6192ae000, 0x000001f6192a8800,
0x000001f6192af000, 0x000001f6192a9000, 0x000001f6192aa000, 0x000001f6192af800,
0x000001f6192b0800, 0x000001f6192aa800, 0x000001f6192b3800, 0x000001f6192b4800,
0x000001f6192b5800, 0x000001f6192b2000, 0x000001f6192b6000, 0x000001f6192b7000,
0x000001f6192b1800
}

Java Threads: ( => current thread )
  0x000001f67ff3e000 JavaThread "Reference Handler" daemon [_thread_blocked, id=18100, stack(0x000000b23c900000,0x000000b23ca00000)]
  0x000001f67ff47000 JavaThread "Finalizer" daemon [_thread_blocked, id=79100, stack(0x000000b23ca00000,0x000000b23cb00000)]
  0x000001f617bb3800 JavaThread "Signal Dispatcher" daemon [_thread_blocked, id=22508, stack(0x000000b23cb00000,0x000000b23cc00000)]
  0x000001f67ff59000 JavaThread "Attach Listener" daemon [_thread_blocked, id=16828, stack(0x000000b23cc00000,0x000000b23cd00000)]
  0x000001f67ff5c000 JavaThread "C1 CompilerThread0" daemon [_thread_blocked, id=35684, stack(0x000000b23cd00000,0x000000b23ce00000)]
  0x000001f617b6f000 JavaThread "Sweeper thread" daemon [_thread_blocked, id=125068, stack(0x000000b23ce00000,0x000000b23cf00000)]
  0x000001f67fed1800 JavaThread "Common-Cleaner" daemon [_thread_blocked, id=94912, stack(0x000000b23cf00000,0x000000b23d000000)]
  0x000001f617dae800 JavaThread "JDWP Transport Listener: dt_socket" daemon [_thread_blocked, id=14700, stack(0x000000b23d000000,0x000000b23d100000)] _threads_hazard_ptr=0x000001f619498110
  0x000001f617db2000 JavaThread "JDWP Event Helper Thread" daemon [_thread_blocked, id=108756, stack(0x000000b23d100000,0x000000b23d200000)]
  0x000001f617db3000 JavaThread "JDWP Command Reader" daemon [_thread_in_native, id=68232, stack(0x000000b23d200000,0x000000b23d300000)]
  0x000001f6188fe800 JavaThread "Service Thread" daemon [_thread_blocked, id=59304, stack(0x000000b23d700000,0x000000b23d800000)]
  0x000001f618a9e800 JavaThread "RMI TCP Accept-0" daemon [_thread_in_native, id=25560, stack(0x000000b23d800000,0x000000b23d900000)]
  0x000001f618d26000 JavaThread "RMI TCP Accept-60134" daemon [_thread_in_native, id=131904, stack(0x000000b23d900000,0x000000b23da00000)]
  0x000001f618d2d000 JavaThread "RMI TCP Accept-0" daemon [_thread_in_native, id=108420, stack(0x000000b23da00000,0x000000b23db00000)]
  0x000001f61917c800 JavaThread "RMI Scheduler(0)" daemon [_thread_blocked, id=125488, stack(0x000000b23dd00000,0x000000b23de00000)]
  0x000001f61917f000 JavaThread "RMI TCP Connection(idle)" daemon [_thread_blocked, id=64780, stack(0x000000b23de00000,0x000000b23df00000)]
  0x000001f6191a4800 JavaThread "JMX server connection timeout 22" daemon [_thread_blocked, id=126644, stack(0x000000b23df00000,0x000000b23e000000)]
  0x000001f619795000 JavaThread "Log4j2-TF-4-AsyncLoggerConfig-2" daemon [_thread_blocked, id=89108, stack(0x000000b23e100000,0x000000b23e200000)]
  0x000001f61b7a6800 JavaThread "cluster-ClusterId{value='6344ca3830e79e63d94c3245', description='null'}-103.48.190.29:27017" daemon [_thread_blocked, id=249448, stack(0x000000b23e000000,0x000000b23e100000)]
  0x000001f61b7ac000 JavaThread "cluster-rtt-ClusterId{value='6344ca3830e79e63d94c3245', description='null'}-103.48.190.29:27017" daemon [_thread_blocked, id=100424, stack(0x000000b23e300000,0x000000b23e400000)]
  0x000001f61b7a8000 JavaThread "MaintenanceTimer-1-thread-1" daemon [_thread_blocked, id=32464, stack(0x000000b23e500000,0x000000b23e600000)]
  0x000001f61b7a9800 JavaThread "Catalina-utility-1" [_thread_blocked, id=64020, stack(0x000000b23e600000,0x000000b23e700000)]
  0x000001f61b7ad000 JavaThread "Catalina-utility-2" [_thread_blocked, id=92308, stack(0x000000b23e700000,0x000000b23e800000)]
  0x000001f61b7aa800 JavaThread "container-0" [_thread_blocked, id=114252, stack(0x000000b23e800000,0x000000b23e900000)]
  0x000001f61b7a7000 JavaThread "AsyncGetter-3-thread-1" daemon [_thread_blocked, id=126540, stack(0x000000b23e900000,0x000000b23ea00000)]
  0x000001f61b7ab000 JavaThread "cluster-ClusterId{value='6344ca3930e79e63d94c3246', description='null'}-103.48.190.29:27017" daemon [_thread_blocked, id=126552, stack(0x000000b23ea00000,0x000000b23eb00000)]
  0x000001f61b7a8800 JavaThread "cluster-rtt-ClusterId{value='6344ca3930e79e63d94c3246', description='null'}-103.48.190.29:27017" daemon [_thread_blocked, id=58728, stack(0x000000b23eb00000,0x000000b23ec00000)]
  0x000001f6192ac800 JavaThread "http-nio-8820-Poller" daemon [_thread_in_native, id=123496, stack(0x000000b23ed00000,0x000000b23ee00000)]
  0x000001f6192ab800 JavaThread "http-nio-8820-Acceptor" daemon [_thread_in_native, id=145100, stack(0x000000b23ee00000,0x000000b23ef00000)]
  0x000001f6192ad000 JavaThread "scheduling-1" [_thread_blocked, id=133104, stack(0x000000b23ef00000,0x000000b23f000000)]
  0x000001f6192ae000 JavaThread "DestroyJavaVM" [_thread_blocked, id=17628, stack(0x000000b23c200000,0x000000b23c300000)]
  0x000001f6192a8800 JavaThread "nioEventLoopGroup-2-2" [_thread_in_native, id=117588, stack(0x000000b23f000000,0x000000b23f100000)]
  0x000001f6192af000 JavaThread "nioEventLoopGroup-2-1" [_thread_in_native, id=90032, stack(0x000000b23f100000,0x000000b23f200000)]
  0x000001f6192a9000 JavaThread "MaintenanceTimer-2-thread-1" daemon [_thread_blocked, id=187052, stack(0x000000b23f200000,0x000000b23f300000)]
  0x000001f6192aa000 JavaThread "http-nio-8820-exec-1" daemon [_thread_blocked, id=130976, stack(0x000000b23d400000,0x000000b23d500000)]
  0x000001f6192af800 JavaThread "http-nio-8820-exec-2" daemon [_thread_blocked, id=128792, stack(0x000000b23ec00000,0x000000b23ed00000)]
  0x000001f6192b0800 JavaThread "http-nio-8820-exec-3" daemon [_thread_blocked, id=19972, stack(0x000000b23f300000,0x000000b23f400000)]
  0x000001f6192aa800 JavaThread "http-nio-8820-exec-4" daemon [_thread_blocked, id=129740, stack(0x000000b23f400000,0x000000b23f500000)]
  0x000001f6192b3800 JavaThread "http-nio-8820-exec-5" daemon [_thread_blocked, id=2236, stack(0x000000b23f500000,0x000000b23f600000)]
  0x000001f6192b4800 JavaThread "http-nio-8820-exec-6" daemon [_thread_blocked, id=124436, stack(0x000000b23f800000,0x000000b23f900000)]
  0x000001f6192b5800 JavaThread "http-nio-8820-exec-7" daemon [_thread_blocked, id=89172, stack(0x000000b23c000000,0x000000b23c100000)]
  0x000001f6192b2000 JavaThread "http-nio-8820-exec-8" daemon [_thread_blocked, id=113904, stack(0x000000b23c100000,0x000000b23c200000)]
  0x000001f6192b6000 JavaThread "http-nio-8820-exec-9" daemon [_thread_blocked, id=148424, stack(0x000000b23d300000,0x000000b23d400000)]
  0x000001f6192b7000 JavaThread "http-nio-8820-exec-10" daemon [_thread_blocked, id=18196, stack(0x000000b23dc00000,0x000000b23dd00000)]
  0x000001f6192b1800 JavaThread "RMI TCP Connection(9)-127.0.0.1" daemon [_thread_in_native, id=117836, stack(0x000000b23f900000,0x000000b23fa00000)]

Other Threads:
=>0x000001f67ff18800 VMThread "VM Thread" [stack: 0x000000b23c800000,0x000000b23c900000] [id=143028]
  0x000001f618d2f000 WatcherThread [stack: 0x000000b23db00000,0x000000b23dc00000] [id=105096]
  0x000001f678e3d800 GCTaskThread "GC Thread#0" [stack: 0x000000b23c300000,0x000000b23c400000] [id=134584]
  0x000001f6186ac800 GCTaskThread "GC Thread#1" [stack: 0x000000b23d500000,0x000000b23d600000] [id=19592]
  0x000001f618668000 GCTaskThread "GC Thread#2" [stack: 0x000000b23d600000,0x000000b23d700000] [id=70344]
  0x000001f6197fc800 GCTaskThread "GC Thread#3" [stack: 0x000000b23e200000,0x000000b23e300000] [id=97812]
  0x000001f678e6d000 ConcurrentGCThread "G1 Main Marker" [stack: 0x000000b23c400000,0x000000b23c500000] [id=129004]
  0x000001f678e6f800 ConcurrentGCThread "G1 Conc#0" [stack: 0x000000b23c500000,0x000000b23c600000] [id=83308]
  0x000001f67fd80800 ConcurrentGCThread "G1 Refine#0" [stack: 0x000000b23c600000,0x000000b23c700000] [id=32632]
  0x000001f67fd85800 ConcurrentGCThread "G1 Young RemSet Sampling" [stack: 0x000000b23c700000,0x000000b23c800000] [id=228008]

Threads with active compile tasks:

VM state:at safepoint (normal execution)

VM Mutex/Monitor currently owned by a thread:  ([mutex/lock_event])
[0x000001f678e226e0] Threads_lock - owner thread: 0x000001f67ff18800

Heap address: 0x0000000081800000, size: 2024 MB, Compressed Oops mode: 32-bit
Narrow klass base: 0x0000000000000000, Narrow klass shift: 3
Compressed class space size: 1073741824 Address: 0x0000000100000000

Heap:
 garbage-first heap   total 227328K, used 53809K [0x0000000081800000, 0x0000000100000000)
  region size 1024K, 12 young (12288K), 7 survivors (7168K)
 Metaspace       used 68651K, capacity 70715K, committed 70988K, reserved 1110016K
  class space    used 8691K, capacity 9461K, committed 9548K, reserved 1048576K
Heap Regions: E=young(eden), S=young(survivor), O=old, HS=humongous(starts), HC=humongous(continues), CS=collection set, F=free, A=archive, TAMS=top-at-mark-start (previous, next)
|   0|0x0000000081800000, 0x0000000081900000, 0x0000000081900000|100%|HS|  |TAMS 0x0000000081900000, 0x0000000081800000| Complete 
|   1|0x0000000081900000, 0x0000000081a00000, 0x0000000081a00000|100%| O|  |TAMS 0x0000000081a00000, 0x0000000081900000| Untracked 
|   2|0x0000000081a00000, 0x0000000081b00000, 0x0000000081b00000|100%| O|  |TAMS 0x0000000081b00000, 0x0000000081a00000| Untracked 
|   3|0x0000000081b00000, 0x0000000081c00000, 0x0000000081c00000|100%| O|  |TAMS 0x0000000081c00000, 0x0000000081b00000| Untracked 
|   4|0x0000000081c00000, 0x0000000081d00000, 0x0000000081d00000|100%| O|  |TAMS 0x0000000081d00000, 0x0000000081c00000| Untracked 
|   5|0x0000000081d00000, 0x0000000081e00000, 0x0000000081e00000|100%| O|  |TAMS 0x0000000081e00000, 0x0000000081d00000| Untracked 
|   6|0x0000000081e00000, 0x0000000081f00000, 0x0000000081f00000|100%| O|  |TAMS 0x0000000081f00000, 0x0000000081e00000| Untracked 
|   7|0x0000000081f00000, 0x0000000082000000, 0x0000000082000000|100%| O|  |TAMS 0x0000000082000000, 0x0000000081f00000| Untracked 
|   8|0x0000000082000000, 0x0000000082100000, 0x0000000082100000|100%| O|  |TAMS 0x0000000082100000, 0x0000000082000000| Untracked 
|   9|0x0000000082100000, 0x0000000082200000, 0x0000000082200000|100%| O|  |TAMS 0x0000000082200000, 0x0000000082100000| Untracked 
|  10|0x0000000082200000, 0x0000000082300000, 0x0000000082300000|100%| O|  |TAMS 0x0000000082300000, 0x0000000082200000| Untracked 
|  11|0x0000000082300000, 0x0000000082400000, 0x0000000082400000|100%| O|  |TAMS 0x0000000082400000, 0x0000000082300000| Untracked 
|  12|0x0000000082400000, 0x0000000082500000, 0x0000000082500000|100%| O|  |TAMS 0x0000000082500000, 0x0000000082400000| Untracked 
|  13|0x0000000082500000, 0x0000000082600000, 0x0000000082600000|100%| O|  |TAMS 0x0000000082600000, 0x0000000082500000| Untracked 
|  14|0x0000000082600000, 0x0000000082700000, 0x0000000082700000|100%| O|  |TAMS 0x0000000082700000, 0x0000000082600000| Untracked 
|  15|0x0000000082700000, 0x0000000082800000, 0x0000000082800000|100%|HS|  |TAMS 0x0000000082800000, 0x0000000082700000| Complete 
|  16|0x0000000082800000, 0x0000000082900000, 0x0000000082900000|100%|HC|  |TAMS 0x0000000082900000, 0x0000000082800000| Complete 
|  17|0x0000000082900000, 0x0000000082a00000, 0x0000000082a00000|100%|HS|  |TAMS 0x0000000082a00000, 0x0000000082900000| Complete 
|  18|0x0000000082a00000, 0x0000000082b00000, 0x0000000082b00000|100%|HC|  |TAMS 0x0000000082b00000, 0x0000000082a00000| Complete 
|  19|0x0000000082b00000, 0x0000000082c00000, 0x0000000082c00000|100%| O|  |TAMS 0x0000000082c00000, 0x0000000082b00000| Untracked 
|  20|0x0000000082c00000, 0x0000000082d00000, 0x0000000082d00000|100%| O|  |TAMS 0x0000000082d00000, 0x0000000082c00000| Untracked 
|  21|0x0000000082d00000, 0x0000000082e00000, 0x0000000082e00000|100%| O|  |TAMS 0x0000000082e00000, 0x0000000082d00000| Untracked 
|  22|0x0000000082e00000, 0x0000000082f00000, 0x0000000082f00000|100%| O|  |TAMS 0x0000000082f00000, 0x0000000082e00000| Untracked 
|  23|0x0000000082f00000, 0x0000000083000000, 0x0000000083000000|100%| O|  |TAMS 0x0000000083000000, 0x0000000082f00000| Untracked 
|  24|0x0000000083000000, 0x0000000083100000, 0x0000000083100000|100%| O|  |TAMS 0x0000000083100000, 0x0000000083000000| Untracked 
|  25|0x0000000083100000, 0x0000000083200000, 0x0000000083200000|100%| O|  |TAMS 0x0000000083200000, 0x0000000083100000| Untracked 
|  26|0x0000000083200000, 0x0000000083300000, 0x0000000083300000|100%| O|  |TAMS 0x0000000083300000, 0x0000000083200000| Untracked 
|  27|0x0000000083300000, 0x0000000083400000, 0x0000000083400000|100%| O|  |TAMS 0x0000000083400000, 0x0000000083300000| Untracked 
|  28|0x0000000083400000, 0x0000000083500000, 0x0000000083500000|100%| O|  |TAMS 0x0000000083500000, 0x0000000083400000| Untracked 
|  29|0x0000000083500000, 0x0000000083600000, 0x0000000083600000|100%| O|  |TAMS 0x0000000083600000, 0x0000000083500000| Untracked 
|  30|0x0000000083600000, 0x0000000083700000, 0x0000000083700000|100%| O|  |TAMS 0x0000000083700000, 0x0000000083600000| Untracked 
|  31|0x0000000083700000, 0x0000000083800000, 0x0000000083800000|100%| O|  |TAMS 0x0000000083800000, 0x0000000083700000| Untracked 
|  32|0x0000000083800000, 0x0000000083900000, 0x0000000083900000|100%| O|  |TAMS 0x0000000083900000, 0x0000000083800000| Untracked 
|  33|0x0000000083900000, 0x0000000083a00000, 0x0000000083a00000|100%| O|  |TAMS 0x0000000083a00000, 0x0000000083900000| Untracked 
|  34|0x0000000083a00000, 0x0000000083b00000, 0x0000000083b00000|100%| O|  |TAMS 0x0000000083b00000, 0x0000000083a00000| Untracked 
|  35|0x0000000083b00000, 0x0000000083c00000, 0x0000000083c00000|100%| O|  |TAMS 0x0000000083c00000, 0x0000000083b00000| Untracked 
|  36|0x0000000083c00000, 0x0000000083d00000, 0x0000000083d00000|100%| O|  |TAMS 0x0000000083d00000, 0x0000000083c00000| Untracked 
|  37|0x0000000083d00000, 0x0000000083e00000, 0x0000000083e00000|100%| O|  |TAMS 0x0000000083e00000, 0x0000000083d00000| Untracked 
|  38|0x0000000083e00000, 0x0000000083f00000, 0x0000000083f00000|100%| O|  |TAMS 0x0000000083f00000, 0x0000000083e00000| Untracked 
|  39|0x0000000083f00000, 0x0000000084000000, 0x0000000084000000|100%| O|  |TAMS 0x0000000084000000, 0x0000000083f00000| Untracked 
|  40|0x0000000084000000, 0x0000000084100000, 0x0000000084100000|100%| O|  |TAMS 0x0000000084100000, 0x0000000084000000| Untracked 
|  41|0x0000000084100000, 0x000000008418c600, 0x0000000084200000| 54%| O|  |TAMS 0x000000008418c600, 0x0000000084100000| Untracked 
|  42|0x0000000084200000, 0x0000000084200000, 0x0000000084300000|  0%| F|  |TAMS 0x0000000084200000, 0x0000000084200000| Untracked 
|  43|0x0000000084300000, 0x0000000084300000, 0x0000000084400000|  0%| F|  |TAMS 0x0000000084300000, 0x0000000084300000| Untracked 
|  44|0x0000000084400000, 0x0000000084400000, 0x0000000084500000|  0%| F|  |TAMS 0x0000000084400000, 0x0000000084400000| Untracked 
|  45|0x0000000084500000, 0x0000000084500000, 0x0000000084600000|  0%| F|  |TAMS 0x0000000084500000, 0x0000000084500000| Untracked 
|  46|0x0000000084600000, 0x0000000084600000, 0x0000000084700000|  0%| F|  |TAMS 0x0000000084600000, 0x0000000084600000| Untracked 
|  47|0x0000000084700000, 0x0000000084700000, 0x0000000084800000|  0%| F|  |TAMS 0x0000000084700000, 0x0000000084700000| Untracked 
|  48|0x0000000084800000, 0x0000000084800000, 0x0000000084900000|  0%| F|  |TAMS 0x0000000084800000, 0x0000000084800000| Untracked 
|  49|0x0000000084900000, 0x0000000084900000, 0x0000000084a00000|  0%| F|  |TAMS 0x0000000084900000, 0x0000000084900000| Untracked 
|  50|0x0000000084a00000, 0x0000000084a00000, 0x0000000084b00000|  0%| F|  |TAMS 0x0000000084a00000, 0x0000000084a00000| Untracked 
|  51|0x0000000084b00000, 0x0000000084b00000, 0x0000000084c00000|  0%| F|  |TAMS 0x0000000084b00000, 0x0000000084b00000| Untracked 
|  52|0x0000000084c00000, 0x0000000084c00000, 0x0000000084d00000|  0%| F|  |TAMS 0x0000000084c00000, 0x0000000084c00000| Untracked 
|  53|0x0000000084d00000, 0x0000000084d00000, 0x0000000084e00000|  0%| F|  |TAMS 0x0000000084d00000, 0x0000000084d00000| Untracked 
|  54|0x0000000084e00000, 0x0000000084e00000, 0x0000000084f00000|  0%| F|  |TAMS 0x0000000084e00000, 0x0000000084e00000| Untracked 
|  55|0x0000000084f00000, 0x0000000084f00000, 0x0000000085000000|  0%| F|  |TAMS 0x0000000084f00000, 0x0000000084f00000| Untracked 
|  56|0x0000000085000000, 0x0000000085000000, 0x0000000085100000|  0%| F|  |TAMS 0x0000000085000000, 0x0000000085000000| Untracked 
|  57|0x0000000085100000, 0x0000000085100000, 0x0000000085200000|  0%| F|  |TAMS 0x0000000085100000, 0x0000000085100000| Untracked 
|  58|0x0000000085200000, 0x0000000085200000, 0x0000000085300000|  0%| F|  |TAMS 0x0000000085200000, 0x0000000085200000| Untracked 
|  59|0x0000000085300000, 0x0000000085300000, 0x0000000085400000|  0%| F|  |TAMS 0x0000000085300000, 0x0000000085300000| Untracked 
|  60|0x0000000085400000, 0x0000000085400000, 0x0000000085500000|  0%| F|  |TAMS 0x0000000085400000, 0x0000000085400000| Untracked 
|  61|0x0000000085500000, 0x0000000085500000, 0x0000000085600000|  0%| F|  |TAMS 0x0000000085500000, 0x0000000085500000| Untracked 
|  62|0x0000000085600000, 0x0000000085600000, 0x0000000085700000|  0%| F|  |TAMS 0x0000000085600000, 0x0000000085600000| Untracked 
|  63|0x0000000085700000, 0x0000000085700000, 0x0000000085800000|  0%| F|  |TAMS 0x0000000085700000, 0x0000000085700000| Untracked 
|  64|0x0000000085800000, 0x0000000085800000, 0x0000000085900000|  0%| F|  |TAMS 0x0000000085800000, 0x0000000085800000| Untracked 
|  65|0x0000000085900000, 0x0000000085900000, 0x0000000085a00000|  0%| F|  |TAMS 0x0000000085900000, 0x0000000085900000| Untracked 
|  66|0x0000000085a00000, 0x0000000085a00000, 0x0000000085b00000|  0%| F|  |TAMS 0x0000000085a00000, 0x0000000085a00000| Untracked 
|  67|0x0000000085b00000, 0x0000000085b00000, 0x0000000085c00000|  0%| F|  |TAMS 0x0000000085b00000, 0x0000000085b00000| Untracked 
|  68|0x0000000085c00000, 0x0000000085c00000, 0x0000000085d00000|  0%| F|  |TAMS 0x0000000085c00000, 0x0000000085c00000| Untracked 
|  69|0x0000000085d00000, 0x0000000085d00000, 0x0000000085e00000|  0%| F|  |TAMS 0x0000000085d00000, 0x0000000085d00000| Untracked 
|  70|0x0000000085e00000, 0x0000000085e00000, 0x0000000085f00000|  0%| F|  |TAMS 0x0000000085e00000, 0x0000000085e00000| Untracked 
|  71|0x0000000085f00000, 0x0000000085f00000, 0x0000000086000000|  0%| F|  |TAMS 0x0000000085f00000, 0x0000000085f00000| Untracked 
|  72|0x0000000086000000, 0x0000000086000000, 0x0000000086100000|  0%| F|  |TAMS 0x0000000086000000, 0x0000000086000000| Untracked 
|  73|0x0000000086100000, 0x0000000086100000, 0x0000000086200000|  0%| F|  |TAMS 0x0000000086100000, 0x0000000086100000| Untracked 
|  74|0x0000000086200000, 0x0000000086200000, 0x0000000086300000|  0%| F|  |TAMS 0x0000000086200000, 0x0000000086200000| Untracked 
|  75|0x0000000086300000, 0x0000000086300000, 0x0000000086400000|  0%| F|  |TAMS 0x0000000086300000, 0x0000000086300000| Untracked 
|  76|0x0000000086400000, 0x0000000086400000, 0x0000000086500000|  0%| F|  |TAMS 0x0000000086400000, 0x0000000086400000| Untracked 
|  77|0x0000000086500000, 0x0000000086500000, 0x0000000086600000|  0%| F|  |TAMS 0x0000000086500000, 0x0000000086500000| Untracked 
|  78|0x0000000086600000, 0x0000000086600000, 0x0000000086700000|  0%| F|  |TAMS 0x0000000086600000, 0x0000000086600000| Untracked 
|  79|0x0000000086700000, 0x0000000086700000, 0x0000000086800000|  0%| F|  |TAMS 0x0000000086700000, 0x0000000086700000| Untracked 
|  80|0x0000000086800000, 0x0000000086800000, 0x0000000086900000|  0%| F|  |TAMS 0x0000000086800000, 0x0000000086800000| Untracked 
|  81|0x0000000086900000, 0x0000000086900000, 0x0000000086a00000|  0%| F|  |TAMS 0x0000000086900000, 0x0000000086900000| Untracked 
|  82|0x0000000086a00000, 0x0000000086a00000, 0x0000000086b00000|  0%| F|  |TAMS 0x0000000086a00000, 0x0000000086a00000| Untracked 
|  83|0x0000000086b00000, 0x0000000086b00000, 0x0000000086c00000|  0%| F|  |TAMS 0x0000000086b00000, 0x0000000086b00000| Untracked 
|  84|0x0000000086c00000, 0x0000000086c00000, 0x0000000086d00000|  0%| F|  |TAMS 0x0000000086c00000, 0x0000000086c00000| Untracked 
|  85|0x0000000086d00000, 0x0000000086d00000, 0x0000000086e00000|  0%| F|  |TAMS 0x0000000086d00000, 0x0000000086d00000| Untracked 
|  86|0x0000000086e00000, 0x0000000086e00000, 0x0000000086f00000|  0%| F|  |TAMS 0x0000000086e00000, 0x0000000086e00000| Untracked 
|  87|0x0000000086f00000, 0x0000000086f00000, 0x0000000087000000|  0%| F|  |TAMS 0x0000000086f00000, 0x0000000086f00000| Untracked 
|  88|0x0000000087000000, 0x0000000087000000, 0x0000000087100000|  0%| F|  |TAMS 0x0000000087000000, 0x0000000087000000| Untracked 
|  89|0x0000000087100000, 0x0000000087100000, 0x0000000087200000|  0%| F|  |TAMS 0x0000000087100000, 0x0000000087100000| Untracked 
|  90|0x0000000087200000, 0x0000000087200000, 0x0000000087300000|  0%| F|  |TAMS 0x0000000087200000, 0x0000000087200000| Untracked 
|  91|0x0000000087300000, 0x0000000087300000, 0x0000000087400000|  0%| F|  |TAMS 0x0000000087300000, 0x0000000087300000| Untracked 
|  92|0x0000000087400000, 0x0000000087400000, 0x0000000087500000|  0%| F|  |TAMS 0x0000000087400000, 0x0000000087400000| Untracked 
|  93|0x0000000087500000, 0x0000000087500000, 0x0000000087600000|  0%| F|  |TAMS 0x0000000087500000, 0x0000000087500000| Untracked 
|  94|0x0000000087600000, 0x0000000087600000, 0x0000000087700000|  0%| F|  |TAMS 0x0000000087600000, 0x0000000087600000| Untracked 
|  95|0x0000000087700000, 0x0000000087700000, 0x0000000087800000|  0%| F|  |TAMS 0x0000000087700000, 0x0000000087700000| Untracked 
|  96|0x0000000087800000, 0x0000000087800000, 0x0000000087900000|  0%| F|  |TAMS 0x0000000087800000, 0x0000000087800000| Untracked 
|  97|0x0000000087900000, 0x0000000087900000, 0x0000000087a00000|  0%| F|  |TAMS 0x0000000087900000, 0x0000000087900000| Untracked 
|  98|0x0000000087a00000, 0x0000000087a00000, 0x0000000087b00000|  0%| F|  |TAMS 0x0000000087a00000, 0x0000000087a00000| Untracked 
|  99|0x0000000087b00000, 0x0000000087b00000, 0x0000000087c00000|  0%| F|  |TAMS 0x0000000087b00000, 0x0000000087b00000| Untracked 
| 100|0x0000000087c00000, 0x0000000087c00000, 0x0000000087d00000|  0%| F|  |TAMS 0x0000000087c00000, 0x0000000087c00000| Untracked 
| 101|0x0000000087d00000, 0x0000000087d00000, 0x0000000087e00000|  0%| F|  |TAMS 0x0000000087d00000, 0x0000000087d00000| Untracked 
| 102|0x0000000087e00000, 0x0000000087e00000, 0x0000000087f00000|  0%| F|  |TAMS 0x0000000087e00000, 0x0000000087e00000| Untracked 
| 103|0x0000000087f00000, 0x0000000087f00000, 0x0000000088000000|  0%| F|  |TAMS 0x0000000087f00000, 0x0000000087f00000| Untracked 
| 104|0x0000000088000000, 0x0000000088000000, 0x0000000088100000|  0%| F|  |TAMS 0x0000000088000000, 0x0000000088000000| Untracked 
| 105|0x0000000088100000, 0x0000000088100000, 0x0000000088200000|  0%| F|  |TAMS 0x0000000088100000, 0x0000000088100000| Untracked 
| 106|0x0000000088200000, 0x0000000088200000, 0x0000000088300000|  0%| F|  |TAMS 0x0000000088200000, 0x0000000088200000| Untracked 
| 107|0x0000000088300000, 0x0000000088300000, 0x0000000088400000|  0%| F|  |TAMS 0x0000000088300000, 0x0000000088300000| Untracked 
| 108|0x0000000088400000, 0x0000000088400000, 0x0000000088500000|  0%| F|  |TAMS 0x0000000088400000, 0x0000000088400000| Untracked 
| 109|0x0000000088500000, 0x0000000088500000, 0x0000000088600000|  0%| F|  |TAMS 0x0000000088500000, 0x0000000088500000| Untracked 
| 110|0x0000000088600000, 0x0000000088600000, 0x0000000088700000|  0%| F|  |TAMS 0x0000000088600000, 0x0000000088600000| Untracked 
| 111|0x0000000088700000, 0x0000000088700000, 0x0000000088800000|  0%| F|  |TAMS 0x0000000088700000, 0x0000000088700000| Untracked 
| 112|0x0000000088800000, 0x0000000088800000, 0x0000000088900000|  0%| F|  |TAMS 0x0000000088800000, 0x0000000088800000| Untracked 
| 113|0x0000000088900000, 0x0000000088900000, 0x0000000088a00000|  0%| F|  |TAMS 0x0000000088900000, 0x0000000088900000| Untracked 
| 114|0x0000000088a00000, 0x0000000088a00000, 0x0000000088b00000|  0%| F|  |TAMS 0x0000000088a00000, 0x0000000088a00000| Untracked 
| 115|0x0000000088b00000, 0x0000000088b00000, 0x0000000088c00000|  0%| F|  |TAMS 0x0000000088b00000, 0x0000000088b00000| Untracked 
| 116|0x0000000088c00000, 0x0000000088c00000, 0x0000000088d00000|  0%| F|  |TAMS 0x0000000088c00000, 0x0000000088c00000| Untracked 
| 117|0x0000000088d00000, 0x0000000088d00000, 0x0000000088e00000|  0%| F|  |TAMS 0x0000000088d00000, 0x0000000088d00000| Untracked 
| 118|0x0000000088e00000, 0x0000000088e00000, 0x0000000088f00000|  0%| F|  |TAMS 0x0000000088e00000, 0x0000000088e00000| Untracked 
| 119|0x0000000088f00000, 0x0000000089000000, 0x0000000089000000|100%| S|CS|TAMS 0x0000000088f00000, 0x0000000088f00000| Complete 
| 120|0x0000000089000000, 0x0000000089100000, 0x0000000089100000|100%| S|CS|TAMS 0x0000000089000000, 0x0000000089000000| Complete 
| 121|0x0000000089100000, 0x0000000089200000, 0x0000000089200000|100%| S|CS|TAMS 0x0000000089100000, 0x0000000089100000| Complete 
| 122|0x0000000089200000, 0x0000000089300000, 0x0000000089300000|100%| S|CS|TAMS 0x0000000089200000, 0x0000000089200000| Complete 
| 123|0x0000000089300000, 0x0000000089400000, 0x0000000089400000|100%| S|CS|TAMS 0x0000000089300000, 0x0000000089300000| Complete 
| 124|0x0000000089400000, 0x0000000089500000, 0x0000000089500000|100%| S|CS|TAMS 0x0000000089400000, 0x0000000089400000| Complete 
| 125|0x0000000089500000, 0x0000000089600000, 0x0000000089600000|100%| S|CS|TAMS 0x0000000089500000, 0x0000000089500000| Complete 
| 126|0x0000000089600000, 0x0000000089600000, 0x0000000089700000|  0%| F|  |TAMS 0x0000000089600000, 0x0000000089600000| Untracked 
| 127|0x0000000089700000, 0x0000000089700000, 0x0000000089800000|  0%| F|  |TAMS 0x0000000089700000, 0x0000000089700000| Untracked 
| 128|0x0000000089800000, 0x0000000089800000, 0x0000000089900000|  0%| F|  |TAMS 0x0000000089800000, 0x0000000089800000| Untracked 
| 129|0x0000000089900000, 0x0000000089900000, 0x0000000089a00000|  0%| F|  |TAMS 0x0000000089900000, 0x0000000089900000| Untracked 
| 130|0x0000000089a00000, 0x0000000089a00000, 0x0000000089b00000|  0%| F|  |TAMS 0x0000000089a00000, 0x0000000089a00000| Untracked 
| 131|0x0000000089b00000, 0x0000000089b00000, 0x0000000089c00000|  0%| F|  |TAMS 0x0000000089b00000, 0x0000000089b00000| Untracked 
| 132|0x0000000089c00000, 0x0000000089c00000, 0x0000000089d00000|  0%| F|  |TAMS 0x0000000089c00000, 0x0000000089c00000| Untracked 
| 133|0x0000000089d00000, 0x0000000089d00000, 0x0000000089e00000|  0%| F|  |TAMS 0x0000000089d00000, 0x0000000089d00000| Untracked 
| 134|0x0000000089e00000, 0x0000000089e00000, 0x0000000089f00000|  0%| F|  |TAMS 0x0000000089e00000, 0x0000000089e00000| Untracked 
| 135|0x0000000089f00000, 0x0000000089f00000, 0x000000008a000000|  0%| F|  |TAMS 0x0000000089f00000, 0x0000000089f00000| Untracked 
| 136|0x000000008a000000, 0x000000008a000000, 0x000000008a100000|  0%| F|  |TAMS 0x000000008a000000, 0x000000008a000000| Untracked 
| 137|0x000000008a100000, 0x000000008a100000, 0x000000008a200000|  0%| F|  |TAMS 0x000000008a100000, 0x000000008a100000| Untracked 
| 138|0x000000008a200000, 0x000000008a200000, 0x000000008a300000|  0%| F|  |TAMS 0x000000008a200000, 0x000000008a200000| Untracked 
| 139|0x000000008a300000, 0x000000008a300000, 0x000000008a400000|  0%| F|  |TAMS 0x000000008a300000, 0x000000008a300000| Untracked 
| 140|0x000000008a400000, 0x000000008a400000, 0x000000008a500000|  0%| F|  |TAMS 0x000000008a400000, 0x000000008a400000| Untracked 
| 141|0x000000008a500000, 0x000000008a500000, 0x000000008a600000|  0%| F|  |TAMS 0x000000008a500000, 0x000000008a500000| Untracked 
| 142|0x000000008a600000, 0x000000008a600000, 0x000000008a700000|  0%| F|  |TAMS 0x000000008a600000, 0x000000008a600000| Untracked 
| 143|0x000000008a700000, 0x000000008a700000, 0x000000008a800000|  0%| F|  |TAMS 0x000000008a700000, 0x000000008a700000| Untracked 
| 144|0x000000008a800000, 0x000000008a800000, 0x000000008a900000|  0%| F|  |TAMS 0x000000008a800000, 0x000000008a800000| Untracked 
| 145|0x000000008a900000, 0x000000008a900000, 0x000000008aa00000|  0%| F|  |TAMS 0x000000008a900000, 0x000000008a900000| Untracked 
| 146|0x000000008aa00000, 0x000000008aa00000, 0x000000008ab00000|  0%| F|  |TAMS 0x000000008aa00000, 0x000000008aa00000| Untracked 
| 147|0x000000008ab00000, 0x000000008ab00000, 0x000000008ac00000|  0%| F|  |TAMS 0x000000008ab00000, 0x000000008ab00000| Untracked 
| 148|0x000000008ac00000, 0x000000008ac00000, 0x000000008ad00000|  0%| F|  |TAMS 0x000000008ac00000, 0x000000008ac00000| Untracked 
| 149|0x000000008ad00000, 0x000000008ad00000, 0x000000008ae00000|  0%| F|  |TAMS 0x000000008ad00000, 0x000000008ad00000| Untracked 
| 150|0x000000008ae00000, 0x000000008ae00000, 0x000000008af00000|  0%| F|  |TAMS 0x000000008ae00000, 0x000000008ae00000| Untracked 
| 151|0x000000008af00000, 0x000000008af00000, 0x000000008b000000|  0%| F|  |TAMS 0x000000008af00000, 0x000000008af00000| Untracked 
| 152|0x000000008b000000, 0x000000008b000000, 0x000000008b100000|  0%| F|  |TAMS 0x000000008b000000, 0x000000008b000000| Untracked 
| 153|0x000000008b100000, 0x000000008b100000, 0x000000008b200000|  0%| F|  |TAMS 0x000000008b100000, 0x000000008b100000| Untracked 
| 154|0x000000008b200000, 0x000000008b200000, 0x000000008b300000|  0%| F|  |TAMS 0x000000008b200000, 0x000000008b200000| Untracked 
| 155|0x000000008b300000, 0x000000008b300000, 0x000000008b400000|  0%| F|  |TAMS 0x000000008b300000, 0x000000008b300000| Untracked 
| 156|0x000000008b400000, 0x000000008b400000, 0x000000008b500000|  0%| F|  |TAMS 0x000000008b400000, 0x000000008b400000| Untracked 
| 157|0x000000008b500000, 0x000000008b500000, 0x000000008b600000|  0%| F|  |TAMS 0x000000008b500000, 0x000000008b500000| Untracked 
| 158|0x000000008b600000, 0x000000008b600000, 0x000000008b700000|  0%| F|  |TAMS 0x000000008b600000, 0x000000008b600000| Untracked 
| 159|0x000000008b700000, 0x000000008b700000, 0x000000008b800000|  0%| F|  |TAMS 0x000000008b700000, 0x000000008b700000| Untracked 
| 160|0x000000008b800000, 0x000000008b800000, 0x000000008b900000|  0%| F|  |TAMS 0x000000008b800000, 0x000000008b800000| Untracked 
| 161|0x000000008b900000, 0x000000008b900000, 0x000000008ba00000|  0%| F|  |TAMS 0x000000008b900000, 0x000000008b900000| Untracked 
| 162|0x000000008ba00000, 0x000000008ba00000, 0x000000008bb00000|  0%| F|  |TAMS 0x000000008ba00000, 0x000000008ba00000| Untracked 
| 163|0x000000008bb00000, 0x000000008bb00000, 0x000000008bc00000|  0%| F|  |TAMS 0x000000008bb00000, 0x000000008bb00000| Untracked 
| 164|0x000000008bc00000, 0x000000008bc00000, 0x000000008bd00000|  0%| F|  |TAMS 0x000000008bc00000, 0x000000008bc00000| Untracked 
| 165|0x000000008bd00000, 0x000000008bd00000, 0x000000008be00000|  0%| F|  |TAMS 0x000000008bd00000, 0x000000008bd00000| Untracked 
| 166|0x000000008be00000, 0x000000008be00000, 0x000000008bf00000|  0%| F|  |TAMS 0x000000008be00000, 0x000000008be00000| Untracked 
| 167|0x000000008bf00000, 0x000000008bf00000, 0x000000008c000000|  0%| F|  |TAMS 0x000000008bf00000, 0x000000008bf00000| Untracked 
| 168|0x000000008c000000, 0x000000008c000000, 0x000000008c100000|  0%| F|  |TAMS 0x000000008c000000, 0x000000008c000000| Untracked 
| 169|0x000000008c100000, 0x000000008c100000, 0x000000008c200000|  0%| F|  |TAMS 0x000000008c100000, 0x000000008c100000| Untracked 
| 170|0x000000008c200000, 0x000000008c200000, 0x000000008c300000|  0%| F|  |TAMS 0x000000008c200000, 0x000000008c200000| Untracked 
| 171|0x000000008c300000, 0x000000008c300000, 0x000000008c400000|  0%| F|  |TAMS 0x000000008c300000, 0x000000008c300000| Untracked 
| 172|0x000000008c400000, 0x000000008c400000, 0x000000008c500000|  0%| F|  |TAMS 0x000000008c400000, 0x000000008c400000| Untracked 
| 173|0x000000008c500000, 0x000000008c500000, 0x000000008c600000|  0%| F|  |TAMS 0x000000008c500000, 0x000000008c500000| Untracked 
| 174|0x000000008c600000, 0x000000008c600000, 0x000000008c700000|  0%| F|  |TAMS 0x000000008c600000, 0x000000008c600000| Untracked 
| 175|0x000000008c700000, 0x000000008c700000, 0x000000008c800000|  0%| F|  |TAMS 0x000000008c700000, 0x000000008c700000| Untracked 
| 176|0x000000008c800000, 0x000000008c800000, 0x000000008c900000|  0%| F|  |TAMS 0x000000008c800000, 0x000000008c800000| Untracked 
| 177|0x000000008c900000, 0x000000008c900000, 0x000000008ca00000|  0%| F|  |TAMS 0x000000008c900000, 0x000000008c900000| Untracked 
| 178|0x000000008ca00000, 0x000000008ca00000, 0x000000008cb00000|  0%| F|  |TAMS 0x000000008ca00000, 0x000000008ca00000| Untracked 
| 179|0x000000008cb00000, 0x000000008cb00000, 0x000000008cc00000|  0%| F|  |TAMS 0x000000008cb00000, 0x000000008cb00000| Untracked 
| 180|0x000000008cc00000, 0x000000008cc00000, 0x000000008cd00000|  0%| F|  |TAMS 0x000000008cc00000, 0x000000008cc00000| Untracked 
| 181|0x000000008cd00000, 0x000000008cd00000, 0x000000008ce00000|  0%| F|  |TAMS 0x000000008cd00000, 0x000000008cd00000| Untracked 
| 182|0x000000008ce00000, 0x000000008ce00000, 0x000000008cf00000|  0%| F|  |TAMS 0x000000008ce00000, 0x000000008ce00000| Untracked 
| 183|0x000000008cf00000, 0x000000008cf00000, 0x000000008d000000|  0%| F|  |TAMS 0x000000008cf00000, 0x000000008cf00000| Untracked 
| 184|0x000000008d000000, 0x000000008d000000, 0x000000008d100000|  0%| F|  |TAMS 0x000000008d000000, 0x000000008d000000| Untracked 
| 185|0x000000008d100000, 0x000000008d100000, 0x000000008d200000|  0%| F|  |TAMS 0x000000008d100000, 0x000000008d100000| Untracked 
| 186|0x000000008d200000, 0x000000008d200000, 0x000000008d300000|  0%| F|  |TAMS 0x000000008d200000, 0x000000008d200000| Untracked 
| 187|0x000000008d300000, 0x000000008d300000, 0x000000008d400000|  0%| F|  |TAMS 0x000000008d300000, 0x000000008d300000| Untracked 
| 188|0x000000008d400000, 0x000000008d400000, 0x000000008d500000|  0%| F|  |TAMS 0x000000008d400000, 0x000000008d400000| Untracked 
| 189|0x000000008d500000, 0x000000008d500000, 0x000000008d600000|  0%| F|  |TAMS 0x000000008d500000, 0x000000008d500000| Untracked 
| 190|0x000000008d600000, 0x000000008d600000, 0x000000008d700000|  0%| F|  |TAMS 0x000000008d600000, 0x000000008d600000| Untracked 
| 191|0x000000008d700000, 0x000000008d700000, 0x000000008d800000|  0%| F|  |TAMS 0x000000008d700000, 0x000000008d700000| Untracked 
| 192|0x000000008d800000, 0x000000008d800000, 0x000000008d900000|  0%| F|  |TAMS 0x000000008d800000, 0x000000008d800000| Untracked 
| 193|0x000000008d900000, 0x000000008d900000, 0x000000008da00000|  0%| F|  |TAMS 0x000000008d900000, 0x000000008d900000| Untracked 
| 194|0x000000008da00000, 0x000000008da00000, 0x000000008db00000|  0%| F|  |TAMS 0x000000008da00000, 0x000000008da00000| Untracked 
| 195|0x000000008db00000, 0x000000008db00000, 0x000000008dc00000|  0%| F|  |TAMS 0x000000008db00000, 0x000000008db00000| Untracked 
| 196|0x000000008dc00000, 0x000000008dc00000, 0x000000008dd00000|  0%| F|  |TAMS 0x000000008dc00000, 0x000000008dc00000| Untracked 
| 197|0x000000008dd00000, 0x000000008dd00000, 0x000000008de00000|  0%| F|  |TAMS 0x000000008dd00000, 0x000000008dd00000| Untracked 
| 198|0x000000008de00000, 0x000000008de00000, 0x000000008df00000|  0%| F|  |TAMS 0x000000008de00000, 0x000000008de00000| Untracked 
| 199|0x000000008df00000, 0x000000008df00000, 0x000000008e000000|  0%| F|  |TAMS 0x000000008df00000, 0x000000008df00000| Untracked 
| 200|0x000000008e000000, 0x000000008e000000, 0x000000008e100000|  0%| F|  |TAMS 0x000000008e000000, 0x000000008e000000| Untracked 
| 201|0x000000008e100000, 0x000000008e100000, 0x000000008e200000|  0%| F|  |TAMS 0x000000008e100000, 0x000000008e100000| Untracked 
| 202|0x000000008e200000, 0x000000008e200000, 0x000000008e300000|  0%| F|  |TAMS 0x000000008e200000, 0x000000008e200000| Untracked 
| 203|0x000000008e300000, 0x000000008e300000, 0x000000008e400000|  0%| F|  |TAMS 0x000000008e300000, 0x000000008e300000| Untracked 
| 204|0x000000008e400000, 0x000000008e400000, 0x000000008e500000|  0%| F|  |TAMS 0x000000008e400000, 0x000000008e400000| Untracked 
| 205|0x000000008e500000, 0x000000008e500000, 0x000000008e600000|  0%| F|  |TAMS 0x000000008e500000, 0x000000008e500000| Untracked 
| 206|0x000000008e600000, 0x000000008e600000, 0x000000008e700000|  0%| F|  |TAMS 0x000000008e600000, 0x000000008e600000| Untracked 
| 207|0x000000008e700000, 0x000000008e700000, 0x000000008e800000|  0%| F|  |TAMS 0x000000008e700000, 0x000000008e700000| Untracked 
| 208|0x000000008e800000, 0x000000008e800000, 0x000000008e900000|  0%| F|  |TAMS 0x000000008e800000, 0x000000008e800000| Untracked 
| 209|0x000000008e900000, 0x000000008e900000, 0x000000008ea00000|  0%| F|  |TAMS 0x000000008e900000, 0x000000008e900000| Untracked 
| 210|0x000000008ea00000, 0x000000008ea00000, 0x000000008eb00000|  0%| F|  |TAMS 0x000000008ea00000, 0x000000008ea00000| Untracked 
| 211|0x000000008eb00000, 0x000000008eb00000, 0x000000008ec00000|  0%| F|  |TAMS 0x000000008eb00000, 0x000000008eb00000| Untracked 
| 212|0x000000008ec00000, 0x000000008ec00000, 0x000000008ed00000|  0%| F|  |TAMS 0x000000008ec00000, 0x000000008ec00000| Untracked 
| 213|0x000000008ed00000, 0x000000008ed00000, 0x000000008ee00000|  0%| F|  |TAMS 0x000000008ed00000, 0x000000008ed00000| Untracked 
| 214|0x000000008ee00000, 0x000000008ee00000, 0x000000008ef00000|  0%| F|  |TAMS 0x000000008ee00000, 0x000000008ee00000| Untracked 
| 215|0x000000008ef00000, 0x000000008ef00000, 0x000000008f000000|  0%| F|  |TAMS 0x000000008ef00000, 0x000000008ef00000| Untracked 
| 216|0x000000008f000000, 0x000000008f000000, 0x000000008f100000|  0%| F|  |TAMS 0x000000008f000000, 0x000000008f000000| Untracked 
| 217|0x000000008f100000, 0x000000008f1996c8, 0x000000008f200000| 59%| E|  |TAMS 0x000000008f100000, 0x000000008f100000| Complete 
| 218|0x000000008f200000, 0x000000008f300000, 0x000000008f300000|100%| E|CS|TAMS 0x000000008f200000, 0x000000008f200000| Complete 
| 219|0x000000008f300000, 0x000000008f400000, 0x000000008f400000|100%| E|CS|TAMS 0x000000008f300000, 0x000000008f300000| Complete 
| 220|0x000000008f400000, 0x000000008f500000, 0x000000008f500000|100%| E|CS|TAMS 0x000000008f400000, 0x000000008f400000| Complete 
| 221|0x000000008f500000, 0x000000008f600000, 0x000000008f600000|100%| E|CS|TAMS 0x000000008f500000, 0x000000008f500000| Complete 

Card table byte_map: [0x000001f6792f0000,0x000001f6796f0000] _byte_map_base: 0x000001f678ee4000

Marking Bits (Prev, Next): (CMBitMap*) 0x000001f678e647c8, (CMBitMap*) 0x000001f678e64800
 Prev Bits: [0x000001f679af0000, 0x000001f67ba90000)
 Next Bits: [0x000001f67ba90000, 0x000001f67da30000)

Polling page: 0x000001f676df0000

Metaspace:

Usage:
  Non-class:     59.82 MB capacity,    58.55 MB ( 98%) used,     1.03 MB (  2%) free+waste,   240.56 KB ( <1%) overhead. 
      Class:      9.24 MB capacity,     8.49 MB ( 92%) used,   654.38 KB (  7%) free+waste,   115.13 KB (  1%) overhead. 
       Both:     69.06 MB capacity,    67.04 MB ( 97%) used,     1.67 MB (  2%) free+waste,   355.69 KB ( <1%) overhead. 

Virtual space:
  Non-class space:       60.00 MB reserved,      60.00 MB (100%) committed 
      Class space:        1.00 GB reserved,       9.32 MB ( <1%) committed 
             Both:        1.06 GB reserved,      69.32 MB (  6%) committed 

Chunk freelists:
   Non-Class:  0 bytes
       Class:  0 bytes
        Both:  0 bytes

CodeHeap 'non-profiled nmethods': size=238912Kb used=12279Kb max_used=12279Kb free=226632Kb
 bounds [0x000001f608900000, 0x000001f609500000, 0x000001f617250000]
CodeHeap 'non-nmethods': size=6848Kb used=1344Kb max_used=2465Kb free=5503Kb
 bounds [0x000001f608250000, 0x000001f608540000, 0x000001f608900000]
 total_blobs=7941 nmethods=7165 adapters=569
 compilation: enabled
              stopped_count=0, restarted_count=0
 full_count=0

Compilation events (10 events):
Event: 364.112 Thread 0x000001f67ff5c000 7280       1       java.util.concurrent.atomic.AtomicReferenceArray::set (13 bytes)
Event: 364.113 Thread 0x000001f67ff5c000 nmethod 7280 0x000001f6094fbc90 code [0x000001f6094fbf00, 0x000001f6094fc650]
Event: 364.113 Thread 0x000001f67ff5c000 7281       1       java.lang.invoke.VarHandleGuards::guard_LIL_V (114 bytes)
Event: 364.114 Thread 0x000001f67ff5c000 nmethod 7281 0x000001f6094fcc90 code [0x000001f6094fcf60, 0x000001f6094fdad0]
Event: 364.114 Thread 0x000001f67ff5c000 7279       1       java.lang.invoke.VarHandleObjects$Array::getAndSet (51 bytes)
Event: 364.115 Thread 0x000001f67ff5c000 nmethod 7279 0x000001f6094fe310 code [0x000001f6094fe5c0, 0x000001f6094fef70]
Event: 364.115 Thread 0x000001f67ff5c000 7282       1       java.util.Arrays::sort (37 bytes)
Event: 364.115 Thread 0x000001f67ff5c000 nmethod 7282 0x000001f6094ff690 code [0x000001f6094ff860, 0x000001f6094ffa20]
Event: 364.115 Thread 0x000001f67ff5c000 7283       1       com.fasterxml.jackson.databind.DeserializationConfig::isEnabled (18 bytes)
Event: 364.115 Thread 0x000001f67ff5c000 nmethod 7283 0x000001f6094ffb10 code [0x000001f6094ffcc0, 0x000001f6094ffdf8]

GC Heap History (10 events):
Event: 6.697 GC heap before
{Heap before GC invocations=15 (full 0):
 garbage-first heap   total 189440K, used 121810K [0x0000000081800000, 0x0000000100000000)
  region size 1024K, 92 young (94208K), 9 survivors (9216K)
 Metaspace       used 50709K, capacity 52204K, committed 52352K, reserved 1095680K
  class space    used 6413K, capacity 7015K, committed 7040K, reserved 1048576K
}
Event: 6.707 GC heap after
{Heap after GC invocations=16 (full 0):
 garbage-first heap   total 189440K, used 38061K [0x0000000081800000, 0x0000000100000000)
  region size 1024K, 7 young (7168K), 7 survivors (7168K)
 Metaspace       used 50709K, capacity 52204K, committed 52352K, reserved 1095680K
  class space    used 6413K, capacity 7015K, committed 7040K, reserved 1048576K
}
Event: 7.803 GC heap before
{Heap before GC invocations=16 (full 0):
 garbage-first heap   total 189440K, used 137389K [0x0000000081800000, 0x0000000100000000)
  region size 1024K, 104 young (106496K), 7 survivors (7168K)
 Metaspace       used 56311K, capacity 58050K, committed 58240K, reserved 1099776K
  class space    used 7042K, capacity 7707K, committed 7808K, reserved 1048576K
}
Event: 7.814 GC heap after
{Heap after GC invocations=17 (full 0):
 garbage-first heap   total 189440K, used 42861K [0x0000000081800000, 0x0000000100000000)
  region size 1024K, 12 young (12288K), 12 survivors (12288K)
 Metaspace       used 56311K, capacity 58050K, committed 58240K, reserved 1099776K
  class space    used 7042K, capacity 7707K, committed 7808K, reserved 1048576K
}
Event: 8.527 GC heap before
{Heap before GC invocations=17 (full 0):
 garbage-first heap   total 189440K, used 140141K [0x0000000081800000, 0x0000000100000000)
  region size 1024K, 107 young (109568K), 12 survivors (12288K)
 Metaspace       used 62336K, capacity 64254K, committed 64512K, reserved 1105920K
  class space    used 7864K, capacity 8598K, committed 8704K, reserved 1048576K
}
Event: 8.542 GC heap after
{Heap after GC invocations=18 (full 0):
 garbage-first heap   total 227328K, used 46383K [0x0000000081800000, 0x0000000100000000)
  region size 1024K, 10 young (10240K), 10 survivors (10240K)
 Metaspace       used 62336K, capacity 64254K, committed 64512K, reserved 1105920K
  class space    used 7864K, capacity 8598K, committed 8704K, reserved 1048576K
}
Event: 8.855 GC heap before
{Heap before GC invocations=18 (full 0):
 garbage-first heap   total 227328K, used 68911K [0x0000000081800000, 0x0000000100000000)
  region size 1024K, 34 young (34816K), 10 survivors (10240K)
 Metaspace       used 64024K, capacity 65908K, committed 65920K, reserved 1105920K
  class space    used 8086K, capacity 8831K, committed 8832K, reserved 1048576K
}
Event: 8.868 GC heap after
{Heap after GC invocations=19 (full 0):
 garbage-first heap   total 227328K, used 47665K [0x0000000081800000, 0x0000000100000000)
  region size 1024K, 5 young (5120K), 5 survivors (5120K)
 Metaspace       used 64024K, capacity 65908K, committed 65920K, reserved 1105920K
  class space    used 8086K, capacity 8831K, committed 8832K, reserved 1048576K
}
Event: 344.948 GC heap before
{Heap before GC invocations=20 (full 0):
 garbage-first heap   total 227328K, used 139825K [0x0000000081800000, 0x0000000100000000)
  region size 1024K, 96 young (98304K), 5 survivors (5120K)
 Metaspace       used 68548K, capacity 70562K, committed 70732K, reserved 1110016K
  class space    used 8675K, capacity 9431K, committed 9548K, reserved 1048576K
}
Event: 344.958 GC heap after
{Heap after GC invocations=21 (full 0):
 garbage-first heap   total 227328K, used 49713K [0x0000000081800000, 0x0000000100000000)
  region size 1024K, 7 young (7168K), 7 survivors (7168K)
 Metaspace       used 68548K, capacity 70562K, committed 70732K, reserved 1110016K
  class space    used 8675K, capacity 9431K, committed 9548K, reserved 1048576K
}

Deoptimization events (0 events):
No events

Classes redefined (2 events):
Event: 87.132 Thread 0x000001f67ff18800 redefined class name=vn.sesgroup.hddt.user.impl.QLCQTImpl, count=1
Event: 106.895 Thread 0x000001f67ff18800 redefined class name=vn.sesgroup.hddt.user.impl.QLCQTImpl, count=2

Internal exceptions (10 events):
Event: 8.561 Thread 0x000001f678e27800 Exception <a 'java/lang/NoSuchMethodError'{0x000000008f417648}: java.lang.invoke.DirectMethodHandle$Holder.newInvokeSpecial(Ljava/lang/Object;Ljava/lang/Object;Ljava/lang/Object;)Ljava/lang/Object;> (0x000000008f417648) thrown at [t:/workspace/open/src/ho
Event: 8.664 Thread 0x000001f678e27800 Exception <a 'java/lang/NoSuchMethodError'{0x000000008ea35618}: java.lang.invoke.DirectMethodHandle$Holder.invokeSpecial(Ljava/lang/Object;Ljava/lang/Object;ILjava/lang/Object;ILjava/lang/Object;)Ljava/lang/Object;> (0x000000008ea35618) thrown at [t:/work
Event: 8.664 Thread 0x000001f678e27800 Exception <a 'java/lang/NoSuchMethodError'{0x000000008ea3caf8}: java.lang.invoke.DirectMethodHandle$Holder.invokeStatic(Ljava/lang/Object;Ljava/lang/Object;ILjava/lang/Object;I)Ljava/lang/Object;> (0x000000008ea3caf8) thrown at [t:/workspace/open/src/hots
Event: 8.665 Thread 0x000001f678e27800 Exception <a 'java/lang/NoSuchMethodError'{0x000000008ea402d0}: java.lang.invoke.DirectMethodHandle$Holder.invokeSpecial(Ljava/lang/Object;Ljava/lang/Object;Ljava/lang/Object;ILjava/lang/Object;I)Ljava/lang/Object;> (0x000000008ea402d0) thrown at [t:/work
Event: 24.669 Thread 0x000001f6192aa000 Exception <a 'java/lang/NoSuchMethodError'{0x000000008e445328}: java.lang.invoke.DirectMethodHandle$Holder.invokeSpecial(Ljava/lang/Object;Ljava/lang/Object;Ljava/lang/Object;Ljava/lang/Object;Ljava/lang/Object;Ljava/lang/Object;Ljava/lang/Object;)V> (0x0
Event: 24.811 Thread 0x000001f6192aa000 Exception <a 'java/lang/NoSuchMethodError'{0x000000008cdd8330}: java.lang.invoke.DirectMethodHandle$Holder.invokeSpecial(Ljava/lang/Object;Ljava/lang/Object;Ljava/lang/Object;Ljava/lang/Object;Ljava/lang/Object;Ljava/lang/Object;Ljava/lang/Object;Ljava/la
Event: 24.812 Thread 0x000001f6192aa000 Exception <a 'java/lang/NoSuchMethodError'{0x000000008cddca78}: java.lang.invoke.Invokers$Holder.linkToTargetMethod(Ljava/lang/Object;Ljava/lang/Object;Ljava/lang/Object;Ljava/lang/Object;Ljava/lang/Object;Ljava/lang/Object;Ljava/lang/Object;Ljava/lang/Ob
Event: 24.812 Thread 0x000001f6192aa000 Exception <a 'java/lang/NoSuchMethodError'{0x000000008cde7220}: java.lang.invoke.Invokers$Holder.linkToTargetMethod(Ljava/lang/Object;Ljava/lang/Object;Ljava/lang/Object;Ljava/lang/Object;Ljava/lang/Object;Ljava/lang/Object;Ljava/lang/Object;)Ljava/lang/O
Event: 24.879 Thread 0x000001f6192aa000 Exception <a 'java/lang/NoSuchMethodError'{0x000000008c6d9240}: java.lang.invoke.DirectMethodHandle$Holder.invokeSpecial(Ljava/lang/Object;Ljava/lang/Object;Ljava/lang/Object;Ljava/lang/Object;Ljava/lang/Object;Ljava/lang/Object;Ljava/lang/Object;Ljava/la
Event: 24.879 Thread 0x000001f6192aa000 Exception <a 'java/lang/NoSuchMethodError'{0x000000008c6dde98}: java.lang.invoke.Invokers$Holder.linkToTargetMethod(Ljava/lang/Object;Ljava/lang/Object;Ljava/lang/Object;Ljava/lang/Object;Ljava/lang/Object;Ljava/lang/Object;Ljava/lang/Object;Ljava/lang/Ob

Events (10 events):
Event: 364.359 Thread 0x000001f619795000 DEOPT UNPACKING pc=0x000001f60828d44e sp=0x000000b23e1fe8e0 mode 1
Event: 364.359 Thread 0x000001f619795000 DEOPT PACKING pc=0x000001f60912e0f4 sp=0x000000b23e1ff4d0
Event: 364.359 Thread 0x000001f619795000 DEOPT UNPACKING pc=0x000001f60828d44e sp=0x000000b23e1fe9a8 mode 1
Event: 364.375 Thread 0x000001f619795000 DEOPT PACKING pc=0x000001f60912e8cb sp=0x000000b23e1ff430
Event: 364.375 Thread 0x000001f619795000 DEOPT UNPACKING pc=0x000001f60828d44e sp=0x000000b23e1fe8e0 mode 1
Event: 364.375 Thread 0x000001f619795000 DEOPT PACKING pc=0x000001f60912e0f4 sp=0x000000b23e1ff4d0
Event: 364.375 Thread 0x000001f619795000 DEOPT UNPACKING pc=0x000001f60828d44e sp=0x000000b23e1fe9a8 mode 1
Event: 364.381 Executing VM operation: GetFrameLocation
Event: 364.381 Executing VM operation: GetFrameLocation done
Event: 364.381 Executing VM operation: GetOrSetLocal


Dynamic libraries:
0x00007ff67e120000 - 0x00007ff67e167000 	C:\Program Files\Java\jdk-11.0.2\bin\javaw.exe
0x00007ffb7a390000 - 0x00007ffb7a588000 	C:\Windows\SYSTEM32\ntdll.dll
0x00007ffb79810000 - 0x00007ffb798cd000 	C:\Windows\System32\KERNEL32.DLL
0x00007ffb77dd0000 - 0x00007ffb7809e000 	C:\Windows\System32\KERNELBASE.dll
0x00007ffb794f0000 - 0x00007ffb7959e000 	C:\Windows\System32\ADVAPI32.dll
0x00007ffb795a0000 - 0x00007ffb7963e000 	C:\Windows\System32\msvcrt.dll
0x00007ffb784b0000 - 0x00007ffb7854c000 	C:\Windows\System32\sechost.dll
0x00007ffb78800000 - 0x00007ffb78925000 	C:\Windows\System32\RPCRT4.dll
0x00007ffb78660000 - 0x00007ffb78800000 	C:\Windows\System32\USER32.dll
0x00007ffb77ab0000 - 0x00007ffb77ad2000 	C:\Windows\System32\win32u.dll
0x00007ffb78630000 - 0x00007ffb7865a000 	C:\Windows\System32\GDI32.dll
0x00007ffb781d0000 - 0x00007ffb782db000 	C:\Windows\System32\gdi32full.dll
0x00007ffb782e0000 - 0x00007ffb7837d000 	C:\Windows\System32\msvcp_win.dll
0x00007ffb780a0000 - 0x00007ffb781a0000 	C:\Windows\System32\ucrtbase.dll
0x00007ffb61db0000 - 0x00007ffb6204a000 	C:\Windows\WinSxS\amd64_microsoft.windows.common-controls_6595b64144ccf1df_6.0.19041.1110_none_60b5254171f9507e\COMCTL32.dll
0x00007ffb638e0000 - 0x00007ffb638ea000 	C:\Windows\SYSTEM32\VERSION.dll
0x00007ffb797e0000 - 0x00007ffb79810000 	C:\Windows\System32\IMM32.DLL
0x00007ffb5f6e0000 - 0x00007ffb5f6f6000 	C:\Program Files\Java\jdk-11.0.2\bin\vcruntime140.dll
0x00007ffb2d6f0000 - 0x00007ffb2d79a000 	C:\Program Files\Java\jdk-11.0.2\bin\msvcp140.dll
0x00007ffb287b0000 - 0x00007ffb292d7000 	C:\Program Files\Java\jdk-11.0.2\bin\server\jvm.dll
0x00007ffb7a340000 - 0x00007ffb7a348000 	C:\Windows\System32\PSAPI.DLL
0x00007ffb72b40000 - 0x00007ffb72b49000 	C:\Windows\SYSTEM32\WSOCK32.dll
0x00007ffb79640000 - 0x00007ffb796ab000 	C:\Windows\System32\WS2_32.dll
0x00007ffb65810000 - 0x00007ffb65837000 	C:\Windows\SYSTEM32\WINMM.dll
0x00007ffb76380000 - 0x00007ffb76392000 	C:\Windows\SYSTEM32\kernel.appcore.dll
0x00007ffb657f0000 - 0x00007ffb65801000 	C:\Program Files\Java\jdk-11.0.2\bin\verify.dll
0x00007ffb76040000 - 0x00007ffb76224000 	C:\Windows\SYSTEM32\DBGHELP.DLL
0x00007ffb679f0000 - 0x00007ffb67a1c000 	C:\Windows\SYSTEM32\dbgcore.DLL
0x00007ffb77c90000 - 0x00007ffb77d12000 	C:\Windows\System32\bcryptPrimitives.dll
0x00007ffb5a6e0000 - 0x00007ffb5a709000 	C:\Program Files\Java\jdk-11.0.2\bin\java.dll
0x00007ffb72110000 - 0x00007ffb72147000 	C:\Program Files\Java\jdk-11.0.2\bin\jdwp.dll
0x00007ffb71fc0000 - 0x00007ffb71fef000 	C:\Program Files\Java\jdk-11.0.2\bin\instrument.dll
0x00007ffb5a6c0000 - 0x00007ffb5a6d6000 	C:\Program Files\Java\jdk-11.0.2\bin\zip.dll
0x00007ffb70e80000 - 0x00007ffb70e8a000 	C:\Program Files\Java\jdk-11.0.2\bin\jimage.dll
0x00007ffb78cf0000 - 0x00007ffb79433000 	C:\Windows\System32\SHELL32.dll
0x00007ffb757d0000 - 0x00007ffb75f65000 	C:\Windows\SYSTEM32\windows.storage.dll
0x00007ffb78930000 - 0x00007ffb78c84000 	C:\Windows\System32\combase.dll
0x00007ffb77510000 - 0x00007ffb77540000 	C:\Windows\SYSTEM32\Wldp.dll
0x00007ffb783f0000 - 0x00007ffb7849d000 	C:\Windows\System32\SHCORE.dll
0x00007ffb785d0000 - 0x00007ffb78625000 	C:\Windows\System32\shlwapi.dll
0x00007ffb779f0000 - 0x00007ffb77a0f000 	C:\Windows\SYSTEM32\profapi.dll
0x00007ffb72d90000 - 0x00007ffb72d9a000 	C:\Program Files\Java\jdk-11.0.2\bin\dt_socket.dll
0x00007ffb77270000 - 0x00007ffb772da000 	C:\Windows\System32\mswsock.dll
0x00007ffb76f50000 - 0x00007ffb7701a000 	C:\Windows\SYSTEM32\DNSAPI.dll
0x00007ffb76f10000 - 0x00007ffb76f4b000 	C:\Windows\SYSTEM32\IPHLPAPI.DLL
0x00007ffb7a330000 - 0x00007ffb7a338000 	C:\Windows\System32\NSI.dll
0x00007ffb68d30000 - 0x00007ffb68db0000 	C:\Windows\System32\fwpuclnt.dll
0x00007ffb781a0000 - 0x00007ffb781c7000 	C:\Windows\System32\bcrypt.dll
0x00007ffb68a70000 - 0x00007ffb68a7a000 	C:\Windows\System32\rasadhlp.dll
0x00007ffb5a6a0000 - 0x00007ffb5a6b9000 	C:\Program Files\Java\jdk-11.0.2\bin\net.dll
0x00007ffb68c10000 - 0x00007ffb68d1a000 	C:\Windows\SYSTEM32\WINHTTP.dll
0x00007ffb69260000 - 0x00007ffb6944c000 	C:\Windows\SYSTEM32\urlmon.dll
0x00007ffb68f70000 - 0x00007ffb68f98000 	C:\Windows\SYSTEM32\srvcli.dll
0x00007ffb68fa0000 - 0x00007ffb69251000 	C:\Windows\SYSTEM32\iertutil.dll
0x00007ffb77020000 - 0x00007ffb7702c000 	C:\Windows\SYSTEM32\netutils.dll
0x00007ffb5a680000 - 0x00007ffb5a693000 	C:\Program Files\Java\jdk-11.0.2\bin\nio.dll
0x00007ffb658f0000 - 0x00007ffb658f9000 	C:\Program Files\Java\jdk-11.0.2\bin\management.dll
0x00007ffb65890000 - 0x00007ffb6589c000 	C:\Program Files\Java\jdk-11.0.2\bin\management_ext.dll
0x00007ffb651e0000 - 0x00007ffb651f7000 	C:\Windows\system32\napinsp.dll
0x00007ffb5f550000 - 0x00007ffb5f56b000 	C:\Windows\system32\pnrpnsp.dll
0x00007ffb5b1c0000 - 0x00007ffb5b1d5000 	C:\Windows\system32\wshbth.dll
0x00007ffb74960000 - 0x00007ffb7497d000 	C:\Windows\system32\NLAapi.dll
0x00007ffb5f530000 - 0x00007ffb5f542000 	C:\Windows\System32\winrnr.dll
0x00007ffb77470000 - 0x00007ffb77488000 	C:\Windows\SYSTEM32\CRYPTSP.dll
0x00007ffb76b80000 - 0x00007ffb76bb4000 	C:\Windows\system32\rsaenh.dll
0x00007ffb779b0000 - 0x00007ffb779de000 	C:\Windows\SYSTEM32\USERENV.dll
0x00007ffb77460000 - 0x00007ffb7746c000 	C:\Windows\SYSTEM32\CRYPTBASE.dll
0x00007ffb6ec00000 - 0x00007ffb6ec17000 	C:\Windows\SYSTEM32\dhcpcsvc6.DLL
0x00007ffb6f720000 - 0x00007ffb6f73d000 	C:\Windows\SYSTEM32\dhcpcsvc.DLL
0x00007ffb5f770000 - 0x00007ffb5f797000 	C:\Program Files\Java\jdk-11.0.2\bin\sunec.dll

dbghelp: loaded successfully - version: 4.0.5 - missing functions: none
symbol engine: initialized successfully - sym options: 0x614 - pdb path: .;C:\Program Files\Java\jdk-11.0.2\bin;C:\Windows\SYSTEM32;C:\Windows\WinSxS\amd64_microsoft.windows.common-controls_6595b64144ccf1df_6.0.19041.1110_none_60b5254171f9507e;C:\Program Files\Java\jdk-11.0.2\bin\server

VM Arguments:
jvm_args: -agentlib:jdwp=transport=dt_socket,suspend=y,address=localhost:60139 -Dcom.sun.management.jmxremote -Dcom.sun.management.jmxremote.port=60134 -Dcom.sun.management.jmxremote.authenticate=false -Dcom.sun.management.jmxremote.ssl=false -Djava.rmi.server.hostname=localhost -Dspring.jmx.enabled=true -Dspring.application.admin.enabled=true -XX:TieredStopAtLevel=1 -Dspring.boot.project.name=hddt-api -javaagent:C:\Users\dinhn\eclipse\jee-2022-06\eclipse\configuration\org.eclipse.osgi\407\0\.cp\lib\javaagent-shaded.jar -Dfile.encoding=UTF-8 
java_command: vn.sesgroup.EInvoiceApiApplication
java_class_path (initial): C:\Users\dinhn\OneDrive\Desktop\SES\Code\SES\hddt SES-api\target\classes;C:\Users\dinhn\.m2\repository\org\springframework\boot\spring-boot-starter\2.6.0\spring-boot-starter-2.6.0.jar;C:\Users\dinhn\.m2\repository\org\springframework\boot\spring-boot\2.6.0\spring-boot-2.6.0.jar;C:\Users\dinhn\.m2\repository\org\springframework\boot\spring-boot-autoconfigure\2.6.0\spring-boot-autoconfigure-2.6.0.jar;C:\Users\dinhn\.m2\repository\jakarta\annotation\jakarta.annotation-api\1.3.5\jakarta.annotation-api-1.3.5.jar;C:\Users\dinhn\.m2\repository\org\springframework\spring-core\5.3.13\spring-core-5.3.13.jar;C:\Users\dinhn\.m2\repository\org\springframework\spring-jcl\5.3.13\spring-jcl-5.3.13.jar;C:\Users\dinhn\.m2\repository\org\yaml\snakeyaml\1.29\snakeyaml-1.29.jar;C:\Users\dinhn\.m2\repository\org\springframework\boot\spring-boot-starter-web\2.6.0\spring-boot-starter-web-2.6.0.jar;C:\Users\dinhn\.m2\repository\org\springframework\boot\spring-boot-starter-json\2.6.0\spring-boot-starter-json-2.6.0.jar;C:\Users\dinhn\.m2\repository\com\fasterxml\jackson\datatype\jackson-datatype-jdk8\2.13.0\jackson-datatype-jdk8-2.13.0.jar;C:\Users\dinhn\.m2\repository\com\fasterxml\jackson\datatype\jackson-datatype-jsr310\2.13.0\jackson-datatype-jsr310-2.13.0.jar;C:\Users\dinhn\.m2\repository\com\fasterxml\jackson\module\jackson-module-parameter-names\2.13.0\jackson-module-parameter-names-2.13.0.jar;C:\Users\dinhn\.m2\repository\org\springframework\boot\spring-boot-starter-tomcat\2.6.0\spring-boot-starter-tomcat-2.6.0.jar;C:\Users\dinhn\.m2\repository\org\apache\tomcat\embed\tomcat-embed-core\9.0.55\tomcat-embed-core-9.0.55.jar;C:\Users\dinhn\.m2\repository\org\apache\tomcat\embed\tomcat-embed-el\9.0.55\tomcat-embed-el-9.0.55.jar;C:\Users\dinhn\.m2\repository\org\apache\tomcat\embed\tomcat-embed-websocket\9.0.55\tomcat-embed-websocket-9.0.55.jar;C:\Users\dinhn\.m2\repository\org\springframework\spring-web\5.3.13\spring-web-5.3.13.jar;C:\Users\dinhn\.m2\repository
Launcher Type: SUN_STANDARD

[Global flags]
     intx CICompilerCount                          = 3                                         {product} {ergonomic}
     uint ConcGCThreads                            = 1                                         {product} {ergonomic}
     uint G1ConcRefinementThreads                  = 4                                         {product} {ergonomic}
   size_t G1HeapRegionSize                         = 1048576                                   {product} {ergonomic}
    uintx GCDrainStackTargetSize                   = 64                                        {product} {ergonomic}
   size_t InitialHeapSize                          = 134217728                                 {product} {ergonomic}
     bool ManagementServer                         = true                                      {product} {command line}
   size_t MarkStackSize                            = 4194304                                   {product} {ergonomic}
   size_t MaxHeapSize                              = 2122317824                                {product} {ergonomic}
   size_t MaxNewSize                               = 1272971264                                {product} {ergonomic}
   size_t MinHeapDeltaBytes                        = 1048576                                   {product} {ergonomic}
    uintx NonNMethodCodeHeapSize                   = 6973028                                {pd product} {ergonomic}
    uintx NonProfiledCodeHeapSize                  = 244685212                              {pd product} {ergonomic}
    uintx ProfiledCodeHeapSize                     = 0                                      {pd product} {ergonomic}
    uintx ReservedCodeCacheSize                    = 251658240                              {pd product} {ergonomic}
     bool SegmentedCodeCache                       = true                                      {product} {ergonomic}
     intx TieredStopAtLevel                        = 1                                         {product} {command line}
     bool UseCompressedClassPointers               = true                                 {lp64_product} {ergonomic}
     bool UseCompressedOops                        = true                                 {lp64_product} {ergonomic}
     bool UseG1GC                                  = true                                      {product} {ergonomic}
     bool UseLargePagesIndividualAllocation        = false                                  {pd product} {ergonomic}

Logging:
Log output configuration:
 #0: stdout all=warning uptime,level,tags
 #1: stderr all=off uptime,level,tags

Environment Variables:
PATH=C:/Program Files/Java/jdk-11.0.2/bin/server;C:/Program Files/Java/jdk-11.0.2/bin;C:\ProgramData\Oracle\Java\javapath;C:\Windows\system32;C:\Windows;C:\Windows\System32\Wbem;C:\Windows\System32\WindowsPowerShell\v1.0\;C:\Windows\System32\OpenSSH\;C:\Program Files\Microsoft VS Code\bin;C:\Program Files\Microsoft SQL Server\150\Tools\Binn\;C:\Program Files\MongoDB\Server\4.4\bin;C:\Users\dinhn\AppData\Local\Programs\Python\Python310\Scripts\;C:\Users\dinhn\AppData\Local\Programs\Python\Python310\;C:\Users\dinhn\AppData\Local\Microsoft\WindowsApps;C:\Windows\System32;
USERNAME=dinhn
OS=Windows_NT
PROCESSOR_IDENTIFIER=Intel64 Family 6 Model 142 Stepping 9, GenuineIntel



---------------  S Y S T E M  ---------------

OS: Windows 10 , 64 bit Build 19041 (10.0.19041.1889)

CPU:total 4 (initial active 4) (2 cores per cpu, 2 threads per core) family 6 model 142 stepping 9, cmov, cx8, fxsr, mmx, sse, sse2, sse3, ssse3, sse4.1, sse4.2, popcnt, avx, avx2, aes, clmul, erms, 3dnowpref, lzcnt, ht, tsc, tscinvbit, bmi1, bmi2, adx, fma

Memory: 4k page, system-wide physical 8090M (1487M free)
TotalPageFile size 12954M (AvailPageFile size 4701M)
current process WorkingSet (physical memory assigned to process): 433M, peak: 433M
current process commit charge ("private bytes"): 474M, peak: 474M

vm_info: Java HotSpot(TM) 64-Bit Server VM (11.0.2+7-LTS) for windows-amd64 JRE (11.0.2+7-LTS), built on Dec 12 2018 03:49:33 by "mach5one" with MS VC++ 15.5 (VS2017)

END.
